<?xml version="1.0" encoding="UTF-8"?>
<!-- Generated by org.testng.reporters.JUnitReportReporter -->
<testsuite hostname="LAPTOP-5UHLUGL5" failures="0" tests="1" name="testCases.LoginTest" time="0.704" errors="0" timestamp="2023-10-22T10:17:35 IST" skipped="0">
  <testcase classname="testCases.LoginTest" name="Login" time="0.704"/>
  <system-out/>
</testsuite> <!-- testCases.LoginTest -->
