<?xml version="1.0" encoding="UTF-8"?>
<!-- Generated by org.testng.reporters.JUnitReportReporter -->
<testsuite hostname="LAPTOP-5UHLUGL5" failures="0" tests="1" name="testCases.AccountRegistrationTest" time="3.109" errors="0" timestamp="2023-10-22T10:16:37 IST" skipped="0">
  <testcase classname="testCases.AccountRegistrationTest" name="AccountRegistration" time="3.109"/>
  <system-out/>
</testsuite> <!-- testCases.AccountRegistrationTest -->
